abb
IMPOSSIBLE
IMPOSSIBLE
IMPOSSIBLE
aaaba
baaba
IMPOSSIBLE
bbbaa
bab
bbbb
IMPOSSIBLE
abbba
bbbb
IMPOSSIBLE
aaba
abaa
abba
aaa
bbaab
bbabb
IMPOSSIBLE
IMPOSSIBLE
IMPOSSIBLE
IMPOSSIBLE
IMPOSSIBLE
IMPOSSIBLE
IMPOSSIBLE
IMPOSSIBLE
IMPOSSIBLE
aaaaaaaaaaaaaaaaaaaaaaaaaaaaaaaaaaaaaa
IMPOSSIBLE
IMPOSSIBLE
abab
aaaaa
aaab
IMPOSSIBLE
baab
abb
IMPOSSIBLE
bbba
aaaba
aaabb
abab
bbab
abaa
IMPOSSIBLE
IMPOSSIBLE
baaa
baabba
bbb
c
d
IMPOSSIBLE
aaabb
IMPOSSIBLE
bab
IMPOSSIBLE
aaba
IMPOSSIBLE
baabb
bbaa
bbbb
aaaa
aababb
aabb
ababa
ababbb
bbbab
baab
abaa
IMPOSSIBLE
bbabb
aaba
IMPOSSIBLE
IMPOSSIBLE
abbaaa
IMPOSSIBLE
IMPOSSIBLE
aaaaa
bbb
bab
bbaaaa
IMPOSSIBLE
bbba
IMPOSSIBLE
bbbb
IMPOSSIBLE
IMPOSSIBLE
baab
IMPOSSIBLE
aba
babb
IMPOSSIBLE
aaa
aabba
baaba
abaabb
IMPOSSIBLE
IMPOSSIBLE
bbb
bab
bbaa

IMPOSSIBLE
IMPOSSIBLE
babb
baa
abbb
ababa
IMPOSSIBLE
IMPOSSIBLE
bbab
bbbba
IMPOSSIBLE
IMPOSSIBLE
rf
IMPOSSIBLE
IMPOSSIBLE
IMPOSSIBLE
IMPOSSIBLE
IMPOSSIBLE
IMPOSSIBLE
IMPOSSIBLE
IMPOSSIBLE
IMPOSSIBLE
aaaaaaaaaaaaaaaaaaaaaaaaaaaaaaaaaaaaaa
IMPOSSIBLE
aaba
aabb
IMPOSSIBLE
baab
aaa
babba
IMPOSSIBLE
bbabb
bbbba
IMPOSSIBLE
IMPOSSIBLE
aaaaaa
aabb
abab
IMPOSSIBLE
IMPOSSIBLE
baaa
IMPOSSIBLE
babb
IMPOSSIBLE
aaaa
aabaa
abab
IMPOSSIBLE
abbaab
aaabb
baba
bbaaa
baabb
aaaa
aabab
aabb
baba
IMPOSSIBLE
IMPOSSIBLE
aabaa
baaa
abba
bbb
aa
bca
cb
bab
bb
bcca
bccc
IMPOSSIBLE
IMPOSSIBLE
ccca
ababa
IMPOSSIBLE
abbb
IMPOSSIBLE
IMPOSSIBLE
baab
IMPOSSIBLE
abba
abaa
bbbb
aaaba
abaa
ababb
IMPOSSIBLE
baaa
aabba
baaba
bbaabb
bbabb
bbb
IMPOSSIBLE
aa
ab
acc
IMPOSSIBLE
aca
IMPOSSIBLE
cac
bc
cba
IMPOSSIBLE
IMPOSSIBLE
IMPOSSIBLE
IMPOSSIBLE
aaaa
aaab
abaa
abab
abb
bbba
IMPOSSIBLE
IMPOSSIBLE
IMPOSSIBLE
IMPOSSIBLE
IMPOSSIBLE
IMPOSSIBLE
IMPOSSIBLE
IMPOSSIBLE
IMPOSSIBLE
aaaaaaaaaaaaaaaaaaaaaaaaaaaaaaa
IMPOSSIBLE
aab
abb
abc
aca
acb
baa
bbc
bca
aaa
IMPOSSIBLE
aabaa
IMPOSSIBLE
bbb
abaab
abbaa
IMPOSSIBLE
IMPOSSIBLE
aabba
bbaab
IMPOSSIBLE
IMPOSSIBLE
IMPOSSIBLE
IMPOSSIBLE
IMPOSSIBLE
IMPOSSIBLE
IMPOSSIBLE
IMPOSSIBLE
IMPOSSIBLE
aaaaaaaaaaaaaaaaaaaaaaaaaaaaaaaaaaaa
IMPOSSIBLE
aaa
IMPOSSIBLE
ababa
bbaa
IMPOSSIBLE
abaa
babab
babb
bbbab
IMPOSSIBLE
aaab
aac
aaba
IMPOSSIBLE
baa
aca
IMPOSSIBLE
bca
bb
IMPOSSIBLE
IMPOSSIBLE
aaab
abb
IMPOSSIBLE
abaaa
baab
aaaa
IMPOSSIBLE
bba
aaab
IMPOSSIBLE
aba
cba
bab
bc
caaa
aac
cac
cc
IMPOSSIBLE
IMPOSSIBLE
IMPOSSIBLE
IMPOSSIBLE
IMPOSSIBLE
IMPOSSIBLE
IMPOSSIBLE
IMPOSSIBLE
IMPOSSIBLE
aaaaaaaaaaaaaaaaaaaaaaaaaaaaaaaaaaaa
IMPOSSIBLE
aaba
aabb
IMPOSSIBLE
aaa
abab
IMPOSSIBLE
IMPOSSIBLE
babbba
bbbb
aaa
aabab
aabb
ababab
ababba
IMPOSSIBLE
IMPOSSIBLE
bababb
IMPOSSIBLE
bbabb
IMPOSSIBLE
bbb
aba
IMPOSSIBLE
abba
IMPOSSIBLE
bab
IMPOSSIBLE
IMPOSSIBLE
aaab
abaa
aaabab
aaabb
IMPOSSIBLE
bbbb
IMPOSSIBLE
baab
abbab
IMPOSSIBLE
babbb
IMPOSSIBLE
z
IMPOSSIBLE
aabaa
abaab
abba
IMPOSSIBLE
IMPOSSIBLE
baaaba
bab
bbaaab
bbba
IMPOSSIBLE
IMPOSSIBLE
IMPOSSIBLE
IMPOSSIBLE
IMPOSSIBLE
IMPOSSIBLE
IMPOSSIBLE
IMPOSSIBLE
IMPOSSIBLE
aaaaaaaaaaaaaaaaaaaaaaaaaa
IMPOSSIBLE
aab
ababa
IMPOSSIBLE
bbba
babba
babbb
IMPOSSIBLE
bbaba
IMPOSSIBLE
aaaaaaaa
bbb
ba
IMPOSSIBLE
aaaba
IMPOSSIBLE
IMPOSSIBLE
baaa
abb
bab
IMPOSSIBLE
bbaa
bbb
IMPOSSIBLE
abaa
ababb
IMPOSSIBLE
aaab
aabab
abbaa
bbaaa
bbbbaa
bbab
IMPOSSIBLE
f
IMPOSSIBLE
aaaaa
aabb
IMPOSSIBLE
IMPOSSIBLE
IMPOSSIBLE
baaa
baba
IMPOSSIBLE
bba
aaaaa
aaba
IMPOSSIBLE
IMPOSSIBLE
IMPOSSIBLE
IMPOSSIBLE
bbb
abaa
baaa
bbaab
aaaa
aac
aab
abb
aca
acb
acc
IMPOSSIBLE
IMPOSSIBLE
bc
IMPOSSIBLE
aaba
aaabb
abab
abbb
IMPOSSIBLE
IMPOSSIBLE
bbaaab
baab
bbbaa
IMPOSSIBLE
IMPOSSIBLE
IMPOSSIBLE
baaba
bb
IMPOSSIBLE
IMPOSSIBLE
IMPOSSIBLE
aaab
bab
IMPOSSIBLE
aab
abb
IMPOSSIBLE
abaa
aaaa
bbbaa
bbab
IMPOSSIBLE
bbbba
IMPOSSIBLE
IMPOSSIBLE
IMPOSSIBLE
IMPOSSIBLE
IMPOSSIBLE
IMPOSSIBLE
IMPOSSIBLE
IMPOSSIBLE
IMPOSSIBLE
aaaaaaaaaaaaaaaaaaaaaaaaaaaaaa
IMPOSSIBLE
aaab
baab
aabab
IMPOSSIBLE
IMPOSSIBLE
IMPOSSIBLE
bbb
aaaa
bba
IMPOSSIBLE
IMPOSSIBLE
IMPOSSIBLE
IMPOSSIBLE
IMPOSSIBLE
IMPOSSIBLE
IMPOSSIBLE
IMPOSSIBLE
IMPOSSIBLE
aaaaaaaaaaaaaaaaaaaaaaaaaaaaaaaaaaaaaaaa
IMPOSSIBLE
aaa
aabb
ababa
IMPOSSIBLE
IMPOSSIBLE
abbb
babaa
bbabab
bbba
abc
ac
IMPOSSIBLE
aa
bab
bbc
bcb
IMPOSSIBLE
IMPOSSIBLE
ccb
IMPOSSIBLE
IMPOSSIBLE
aaaa
baaba
abb
aaab
babaa
abab
bbab
bbb
IMPOSSIBLE
aaaaaa
abab
baab
baaaa
aaab
abaa
abbab
IMPOSSIBLE
bbb
IMPOSSIBLE
IMPOSSIBLE
IMPOSSIBLE
IMPOSSIBLE
aa
abb
bc
ca
IMPOSSIBLE
bac
IMPOSSIBLE
IMPOSSIBLE
aaab
aaba
IMPOSSIBLE
babab
abb
bbaaa
bbaba
bbbb
IMPOSSIBLE
aaaaa
aaab
aabb
IMPOSSIBLE
ababa
abbab
bbb
IMPOSSIBLE
abaa
aaabb
aabba
ababa
abbab
abbb
IMPOSSIBLE
baaaa
bbaba
IMPOSSIBLE
bbaaa
IMPOSSIBLE
aaab
IMPOSSIBLE
aaba
baabb
abbb
IMPOSSIBLE
abab
baaa
bbbb
IMPOSSIBLE
IMPOSSIBLE
aaaa
aabab
babba
babbb
bbaa
bbab
abaa
IMPOSSIBLE
abaaaa
bbaa
abbb
IMPOSSIBLE
aaaaa
aaba
babaa
abab
babba
bbba
IMPOSSIBLE
IMPOSSIBLE
IMPOSSIBLE
IMPOSSIBLE
IMPOSSIBLE
IMPOSSIBLE
IMPOSSIBLE
IMPOSSIBLE
IMPOSSIBLE
aaaaaaaaaaaaaaaaaaaaaaaaaaaaaaaa
IMPOSSIBLE
aaa
aaba
IMPOSSIBLE
abbb
IMPOSSIBLE
IMPOSSIBLE
IMPOSSIBLE
IMPOSSIBLE
bbba
IMPOSSIBLE
aaaaa
aaaab
baaaa
baaab
abaab
IMPOSSIBLE
IMPOSSIBLE
aabaa
bbb
IMPOSSIBLE
abaaa
aabb
abba
bbbaa
bab
IMPOSSIBLE
IMPOSSIBLE
bbaaa
aaba
IMPOSSIBLE
aaa
cc
bbb
IMPOSSIBLE
IMPOSSIBLE
ba
caa
cab
acb
aaaa
abaaa
abaab
abab
IMPOSSIBLE
aaabb
aabaa
IMPOSSIBLE
IMPOSSIBLE
bbb
IMPOSSIBLE
aaaaa
abb
IMPOSSIBLE
baab
IMPOSSIBLE
ababa
IMPOSSIBLE
bbaaa
bbb
IMPOSSIBLE
IMPOSSIBLE
IMPOSSIBLE
IMPOSSIBLE
IMPOSSIBLE
IMPOSSIBLE
IMPOSSIBLE
IMPOSSIBLE
IMPOSSIBLE
aaaaaaaaaaaaaaaaaaaaaaaaaaaaaaaaaaaaaaa
abaa
bab
bbba
bbbb
IMPOSSIBLE
abba
IMPOSSIBLE
IMPOSSIBLE
aaaa
IMPOSSIBLE
aaaa
aaaba
babb
ababab
abba
IMPOSSIBLE
baab
bababa
IMPOSSIBLE
bbba
aabba
abbba
aba
IMPOSSIBLE
aaab
baab
aaaa
babba
babbb
bbbab
ab
acb
aa
IMPOSSIBLE
IMPOSSIBLE
IMPOSSIBLE
bac
cbba
IMPOSSIBLE
ca
