Case #1: DXD-ONH ONH-ARC ARC-KUE 
Case #2: EZB-DDV DDV-MJN 
Case #3: EHL-NJX NJX-ESV ESV-FBT FBT-FUQ FUQ-NTJ NTJ-NKV NKV-MDK 
Case #4: IOO-MMC MMC-HYS HYS-AZN 
Case #5: API-CJQ 
Case #6: GVD-FNB FNB-DYT DYT-MAF MAF-LDZ LDZ-CTI 
Case #7: KQU-MTU MTU-CLZ CLZ-JNU JNU-HHC HHC-IQB IQB-CND CND-MAX 
Case #8: CZU-DHI DHI-JHP JHP-DJB DJB-FDJ FDJ-DSH DSH-BLB BLB-GFJ GFJ-JYO JYO-LZW LZW-LCN 
Case #9: MWI-NBZ NBZ-OQQ OQQ-JKS JKS-OET OET-LSQ LSQ-EJE EJE-MWQ MWQ-GIY GIY-AFS AFS-CSO 
Case #10: DRF-GLM GLM-GST GST-ATI ATI-ARY ARY-FNW FNW-GKN GKN-HHN HHN-IOV IOV-LKY 
Case #11: OJM-CYY CYY-HIS HIS-HCJ HCJ-JIU JIU-DJN 
Case #12: ACS-BLA BLA-LNO LNO-OHW OHW-JEE JEE-ASE ASE-EXX EXX-OCK OCK-HIN HIN-NOB NOB-AHL 
Case #13: HXB-JRH JRH-DTE DTE-EIO EIO-GOL GOL-FNI FNI-MTJ 
Case #14: IVG-HSA HSA-MZL MZL-LWD LWD-KQX KQX-ICW ICW-ATK ATK-JGE JGE-HXX 
Case #15: LZJ-NVH NVH-OFP OFP-BHC BHC-BYU BYU-EHV EHV-EEA 
Case #16: EQE-BKU BKU-EDI EDI-CMB 
Case #17: IDB-IDC IDC-GSF GSF-DEU DEU-HFK HFK-DEP DEP-IJP IJP-DPV 
Case #18: BAB-KST KST-DEA DEA-KSB KSB-DPP DPP-HWI HWI-JSE JSE-JXF 
Case #19: BWU-FIR FIR-DMF DMF-JKG JKG-EFK EFK-IXG IXG-KAD KAD-EJH 
Case #20: LNH-MHL MHL-EBW EBW-NQN NQN-JII JII-FNV 
Case #21: GKL-CWL CWL-LKB LKB-AWQ AWQ-MJY 
Case #22: KNK-NYM NYM-OKA OKA-LTV LTV-DSG DSG-AVF AVF-LIX LIX-HGM HGM-KRU KRU-LSL 
Case #23: KIL-BKR BKR-NYY NYY-BTK BTK-NCF 
Case #24: IEN-GFM GFM-COL COL-MDX MDX-AAS AAS-DMZ DMZ-LOD 
Case #25: MBH-GDA GDA-OPZ OPZ-GLU GLU-JIZ 
Case #26: AVB-IWM IWM-KEY KEY-JVQ JVQ-BVO BVO-CAZ CAZ-GTG GTG-JAL 
Case #27: OLU-JSU JSU-MWA MWA-FPH 
Case #28: GBI-NHA NHA-GSG GSG-ERZ ERZ-AYM AYM-NKV NKV-FMT FMT-IAT 
Case #29: NAX-NOG NOG-GLD GLD-BBE BBE-GXI GXI-HVU HVU-AKS AKS-CPC CPC-KRC KRC-FMN 
Case #30: FMM-AES AES-LZT 
Case #31: FGP-DPG DPG-AMV AMV-AQQ AQQ-DYY DYY-NNP NNP-ECV ECV-KAE KAE-HYB 
Case #32: MAF-KNB KNB-AAT AAT-JYK JYK-OJQ OJQ-NRY NRY-OHS OHS-EPH EPH-NAM NAM-HYT 
Case #33: DSL-GXP GXP-ORJ ORJ-JOD JOD-AKE AKE-IUB IUB-FZH FZH-KXM KXM-DOZ DOZ-BRU 
Case #34: DRE-EYU EYU-ODX ODX-BOG 
Case #35: IKR-JJF JJF-MSY MSY-KTO KTO-BLC BLC-KGQ KGQ-OBB OBB-JGJ JGJ-DPH DPH-NSL NSL-JLO 
Case #36: CSF-IAX IAX-GBI GBI-HBX HBX-AMU AMU-FCP FCP-LFG LFG-ADR ADR-DQX DQX-CGD CGD-CGE 
Case #37: ISD-JUU JUU-CFL CFL-EGT EGT-BVX BVX-AWK AWK-CKR CKR-KPV KPV-HJV 
Case #38: OMZ-MRI MRI-HUR HUR-FZX FZX-GGU GGU-NTF 
Case #39: DIZ-ACU ACU-NDN NDN-MMV MMV-EYH EYH-EFO 
Case #40: FIC-AUK AUK-OJQ OJQ-ANL ANL-JRG JRG-JKX JKX-GTA GTA-MJR MJR-FFC FFC-HKG 
Case #41: JXM-EPP EPP-DKW DKW-LVQ LVQ-NAC NAC-GLW GLW-LJA 
Case #42: BDU-NUU NUU-KVD 
Case #43: GOM-CNV CNV-JOC JOC-LJD LJD-LDH LDH-IQO IQO-JES JES-LFQ LFQ-HTB HTB-DJD DJD-CFF 
Case #44: HGY-ALJ ALJ-LPF LPF-CZJ CZJ-NMW NMW-LWO LWO-HZY HZY-LZF LZF-AWW AWW-IWS 
Case #45: CXC-JNE JNE-HUM HUM-NAP NAP-HQF HQF-CHG CHG-CWZ CWZ-KCM KCM-DVE DVE-KRY 
Case #46: HXU-AYP AYP-EJS EJS-DYS 
Case #47: MPW-IPQ 
Case #48: JFC-KCZ KCZ-AQX AQX-CRH CRH-KMR 
Case #49: KTP-CXS CXS-ICL ICL-KGW KGW-CTS CTS-ENO ENO-HME HME-OHA OHA-AKO 
Case #50: GAL-BUR BUR-JIW 
Case #51: DAC-GQW GQW-FLX FLX-KQB KQB-BMM BMM-FBC FBC-JNF JNF-HTW HTW-ERM ERM-FKN 
Case #52: FMP-CWE CWE-LQU LQU-MFW MFW-NSO NSO-FYT 
Case #53: GEI-KZQ KZQ-FMJ FMJ-GKE 
Case #54: DDG-LGK LGK-BXZ BXZ-CCU CCU-FDZ FDZ-ANM ANM-BCW BCW-EIA EIA-GVD GVD-EMY EMY-FJW 
Case #55: KRJ-AQF AQF-FRV FRV-KYF 
Case #56: MLM-ERB ERB-BYJ BYJ-LBE LBE-NEF NEF-KUB KUB-EJS EJS-GRS 
Case #57: CZZ-DVI DVI-HAG HAG-AWW AWW-DDH DDH-MIW MIW-NRX NRX-FUR FUR-JHH JHH-JRK JRK-MNV 
Case #58: IFX-ALA ALA-DHL DHL-MJH MJH-BCL BCL-NAM NAM-JYS JYS-GCH GCH-FHE FHE-DWI DWI-NKO 
Case #59: ATL-NPG NPG-FYS FYS-CLA CLA-ODQ ODQ-HCU HCU-ECK 
Case #60: FBC-KDK KDK-NYH NYH-DSA DSA-DHI DHI-HHQ HHQ-ODU 
Case #61: DND-GBF GBF-KAY KAY-LKL LKL-FEX FEX-JKG JKG-LTX LTX-HRB HRB-ASD 
Case #62: ESI-HDW HDW-HAZ HAZ-OED OED-HAX 
Case #63: JFF-KFU KFU-FZT FZT-IPT IPT-EZG EZG-ISO 
Case #64: LUT-LDE LDE-KGS KGS-DYP DYP-NTO NTO-JQY 
Case #65: MLJ-EPU EPU-LNW LNW-CFZ CFZ-ANP 
Case #66: BJJ-MQF 
Case #67: HHD-MOZ MOZ-GZY 
Case #68: HFM-FEJ 
Case #69: LTH-ASF ASF-FSM FSM-INI INI-DNT DNT-OEU OEU-DGS DGS-MLT 
Case #70: NQX-KTD 
Case #71: EWC-AQC AQC-BHM BHM-FTF FTF-NBB 
Case #72: GSA-HSD HSD-CTY CTY-MQM MQM-EZD 
Case #73: GBM-OGQ 
Case #74: EZP-JXJ JXJ-FJE FJE-JYU JYU-AHW AHW-OKJ 
Case #75: DJC-IAY IAY-CWI CWI-BXP BXP-EKW EKW-AXL 
Case #76: KIM-AKA AKA-JKX 
Case #77: OFC-HZR HZR-JZT JZT-KXE 
Case #78: JMF-HIV HIV-HBQ HBQ-DRQ DRQ-FML FML-KIE KIE-BLM BLM-DTJ DTJ-JCD 
Case #79: IJO-NNR NNR-IMH IMH-KBT 
Case #80: IRV-NUH NUH-MHX MHX-KBN KBN-IEK IEK-BAR BAR-CDO CDO-BPT BPT-KZY KZY-FTQ 
Case #81: BJD-GTP GTP-ONN ONN-OGL OGL-GDN GDN-GRN GRN-EHX EHX-GWZ 
Case #82: OSW-NMF NMF-OEG OEG-AHR AHR-DRR DRR-AXX AXX-EUA EUA-IJN IJN-JTL JTL-BVC 
Case #83: ADI-FTT 
Case #84: DWP-FHC FHC-LAA LAA-MHH MHH-BAE BAE-BUP BUP-NAP NAP-FOB FOB-BLM BLM-MPX 
Case #85: LQQ-AVM AVM-IXQ IXQ-AJJ AJJ-HAT HAT-GQC GQC-AYH AYH-CMQ CMQ-DVS DVS-GCW GCW-OGS 
Case #86: ASS-DED DED-FDM FDM-JXT 
Case #87: JCT-IZY IZY-JPX JPX-IWE IWE-FHA FHA-DGC DGC-EDO 
Case #88: BTG-EXJ EXJ-KZG KZG-NFZ NFZ-JZV JZV-BFE BFE-KQJ KQJ-NTP NTP-DEJ 
Case #89: MQX-EGL EGL-BAG BAG-CYY CYY-HOL HOL-BIK BIK-EVW EVW-DYS DYS-KXN KXN-BNO BNO-LUP 
Case #90: IZT-JFI JFI-AZE AZE-GIC GIC-OCN OCN-EGZ 
Case #91: CZM-NNF NNF-EAE EAE-NLA NLA-DDJ 
Case #92: MMY-HCJ HCJ-CCE CCE-OFL OFL-CJI CJI-CGZ CGZ-KXD KXD-KAK KAK-JMD JMD-NKJ NKJ-FEV 
Case #93: AYC-NRN NRN-AZC AZC-CGW CGW-HZE HZE-BMN 
Case #94: GPP-LCS LCS-JAM JAM-LZO LZO-GZL GZL-NYT NYT-EUH EUH-CAG CAG-EYC EYC-CRJ CRJ-GFJ 
Case #95: KPK-BAW BAW-AMF 
Case #96: ELL-OCY OCY-DHS DHS-LML LML-MLS 
Case #97: OOP-NSS 
Case #98: IHU-ILE ILE-NRK NRK-JDB JDB-AIG AIG-HLF HLF-CTT CTT-IPB IPB-NLB NLB-DOK 
Case #99: KEA-HQS 
Case #100: JSG-CXM CXM-ITZ ITZ-MSP MSP-MMB MMB-MLC MLC-JVC JVC-IDW IDW-EFP EFP-ETY ETY-BNR BNR-KSX KSX-EOS EOS-JBO JBO-FSW FSW-IVQ IVQ-FZJ FZJ-OBK OBK-HGZ HGZ-FVE FVE-HUM HUM-CZR CZR-BKL BKL-EFE EFE-AUA AUA-OEO OEO-BJK BJK-IRZ IRZ-MOE MOE-NQU NQU-KWN KWN-FMK FMK-KNT KNT-JPY JPY-IWB IWB-KXT KXT-OHU OHU-AQI AQI-IQL IQL-OLL OLL-MDG MDG-BOX BOX-MFV MFV-HMW HMW-GIY GIY-INW INW-NYZ NYZ-LNP LNP-HNF HNF-OAQ OAQ-AOJ AOJ-NYT NYT-AWK AWK-JNO JNO-HEV HEV-IPI IPI-DDB DDB-HMY HMY-FBB FBB-HRY HRY-ORK ORK-FOG FOG-BOR BOR-LCL LCL-AVG AVG-HGQ HGQ-HXN HXN-FEC FEC-LPV LPV-HDV HDV-LLZ LLZ-NJV NJV-IEL IEL-IBB IBB-JYI JYI-MRW MRW-OJP OJP-CYN CYN-FSS FSS-BGV BGV-DHA DHA-ORB ORB-AWE AWE-FUE FUE-EGU EGU-AUZ AUZ-IHQ IHQ-LVR LVR-IRV IRV-ATF ATF-KHM KHM-MYG MYG-BQD BQD-FYB FYB-KTP KTP-JEA JEA-OKE OKE-MFX MFX-KYE KYE-CLP CLP-MWT 
