40
12
IMPOSSIBLE
7314879496
9960727288
IMPOSSIBLE
4546112
8166546255880006
1598065799826984
5901466142874528
4000000000001268
6805496856475656
IMPOSSIBLE
4000000000001572
IMPOSSIBLE
7999999999999104
7504878084526162
8309573400
3999999999999152
4447163198
8029587654
IMPOSSIBLE
IMPOSSIBLE
6174143830
6000000000000000
3896718324309666
1999999999999722
IMPOSSIBLE
7500000000000000
3999999999996828
IMPOSSIBLE
8000000000000032
7173520045397430
3234227112173406
IMPOSSIBLE
4991055800808898
14
7200000000000000
6225581194900804
4559490458
7999999999997856
3229751792
IMPOSSIBLE
7999999999999276
3999999999996956
7946215659311520
IMPOSSIBLE
8774694656968208
2000000000000000
4881390
7000000000000000
5999999999999994
3999999999999150
IMPOSSIBLE
6568739933501582
5173611648225982
3206847746465774
IMPOSSIBLE
IMPOSSIBLE
8399331385574466
IMPOSSIBLE
3757602131489628
8592062826
5256622774892298
IMPOSSIBLE
1999999999998070
IMPOSSIBLE
4884198
IMPOSSIBLE
IMPOSSIBLE
4000000000000000
5333970251908682
3999999999999274
IMPOSSIBLE
IMPOSSIBLE
4320148
17999999999991642
4000000000000000
4715204646916060
4490154
6135270
7999999999997256
7333333333333326
IMPOSSIBLE
7999999999998772
6325801602
IMPOSSIBLE
IMPOSSIBLE
7703286179414470
6591718043494940
3999999999999350
IMPOSSIBLE
IMPOSSIBLE
IMPOSSIBLE
3999999999999780
6579261056571760
6295658787504234
3605867760522346
5999999999998058
7088481248460154
