56217
84279
54068
1358
1654
5265
6987
2485
9894
3367
4615
3542
1199
4939
79266
6118
29424
8948
3124
6699
6774
27291
95192
59481
48475
42639
7573
1019
5797
14696
32192
52976
83328
6572
9172
3511
8698
31976
5512
88183
4026
3268
32447
61476
22585
1895
24766
66428
74339
5199
18114
6699
3034
76555
8406
58475
9737
28818
7463
23026
78406
37118
2308
92879
3784
2075
2469
38141
3141
98979
8144
8658
38502
1287
42203
9999
62389
9339
9815
8028
49049
9407
7848
6832
25308
67377
4635
4101
21053
62712
1122
75785
49772
3419
54986
24064
8108
78954
1649
5247
