c
d
IMPOSSIBLE
aaaababa
aaababb
ababaaaa
ababbba
abbababbb
aababbbb
IMPOSSIBLE
aabaabb
abaabbab
babaaaab
aabbabba
IMPOSSIBLE
abbbaaa
aabaaaaa
aabbbbb
bbbabaa
IMPOSSIBLE
abababa
baabbaba
IMPOSSIBLE
aabbaabb
bbaaabaa
bbaaaab
bbaaabb
aabbaab
baababb
baaabaab
IMPOSSIBLE
aaabbaaab
bababba
aabaaabb
bbbbbaa
abaabbaa
abaaabaa
bbabbba
bbaaaaa
bbababa
aaabbabb
aabaabb
ababbaba
aabbbbab
ababbbab
babbaabb
aababbaa
aaaababb
aaaabb
aabbabbb
aabbbaa
abbabbaaa
IMPOSSIBLE
ababbbbb
aaabbbbb
abbbabb
baababba
babbba
IMPOSSIBLE
aabbabba
aaababba
abaaaa
abbbbabb
aaabbabb
aabbbbbb
aaaaaabb
aaaaabab
abbaabab
abaabbbb
ababbbba
IMPOSSIBLE
aaaabbb
aaabbaab
abbaabbb
aabaabab
aaabbba
bbbabbbbb
IMPOSSIBLE
aabbbaabb
abaaabaa
abababb
abaabbab
babaaaab
aaabbbaa
aabaabb
abbaaaba
IMPOSSIBLE
ababba
baabaaba
aaaabba
aabaaaab
IMPOSSIBLE
aabbbba
aababab
abbbbaba
aaaaabbb
bababbb
abbbbbaa
babbabaa
abbabbb
bbaaabaa
abbbbbba
aabbabab
abbbbab
abbaababb
aabbbaa
ababbabb
IMPOSSIBLE
aabaaabb
aaaaabbaa
IMPOSSIBLE
aaababbb
aaaabaa
bbaaabba
abaabbab
aaaabbb
aabbbbb
abaabbb
abbbaaba
baabbaaa
bababa
aabaabb
bbaaaba
bbbbaaaa
bbaabaaa
bbaababab
abbbabaa
IMPOSSIBLE
aaaaaabb
abaabbab
abbabaa
IMPOSSIBLE
ababbbbab
abaaaab
abbbaba
IMPOSSIBLE
IMPOSSIBLE
IMPOSSIBLE
IMPOSSIBLE
aaaabbb
bababbb
IMPOSSIBLE
aaaaaaa
aabaaaba
aabbbaaab
aababba
abbabab
abaabaaa
aaaababa
aaababaa
aabbbab
bbbbabb
aaaaaaa
aaaaba
abbabbb
IMPOSSIBLE
ababaabbb
abbabaab
aaabbaab
IMPOSSIBLE
aaababba
IMPOSSIBLE
babbbba
abbabab
abbabba
aaabaaba
aababbba
IMPOSSIBLE
babbab
abbbbbbb
IMPOSSIBLE
bbaaaaa
IMPOSSIBLE
abbbbbaa
abaaaaa
abbbabb
aaababa
aabbaab
aaaaabb
IMPOSSIBLE
IMPOSSIBLE
aaababaaa
babbbbb
aabbabab
abbabbab
aaabbbab
abababb
aaabaaab
baaaabbba
bbabbba
aabbaaab
aaababab
ababbaaab
baabaaaa
baababab
baaaabab
baaaaaab
ababbbab
abaaaba
aaaaaaa
bbababaaa
abbbbba
aaaaaaba
aaaabbba
baaaaaa
abaabbaa
aaabaab
aaabbabb
abbbaaa
IMPOSSIBLE
bbaabaa
abababba
abababa
abbbabaa
IMPOSSIBLE
abababbb
bbbbbaa
aabbbaab
aabbabba
aabaaaa
IMPOSSIBLE
ababbaaa
aaaaabaa
baabaaa
ababbaab
babbbbab
bbbbbbabb
IMPOSSIBLE
IMPOSSIBLE
aaabbab
bbbaaba
bbbaaaa
babaaaab
aaaaaa
abababb
aabaaba
IMPOSSIBLE
baaabbbb
bbabaab
bbabbaa
aaababba
aabbbbba
abbabaaaa
aababbb
bbabbaba
bbbbbab
IMPOSSIBLE
bbaaaaa
IMPOSSIBLE
IMPOSSIBLE
aabababa
aaabaaa
aaababaa
ababbba
baaaaba
babbabaa
aaaaaaa
abbbaab
abaaaba
abababbb
bbbaaaaa
abaaaaab
babbbab
IMPOSSIBLE
abbbabb
aaabbbab
IMPOSSIBLE
bbbbbbb
bbbbbaab
bbaaaab
aabbaabbb
abaababa
abbbbaaa
aaababbbb
bbbabaab
aabbbbaa
abbabba
aaaaaa
bbaaabb
aaabaabbbb
aaabaabba
baabaab
abbbbabaaa
IMPOSSIBLE
abbaaaa
abaaababba
abbbbabb
abbabba
aaaaaba
bbabbbb
abaaba
bbbbbaa
aababbba
IMPOSSIBLE
IMPOSSIBLE
aabbabb
babbbbb
IMPOSSIBLE
aabaaaa
bbabbaaa
aabbaab
IMPOSSIBLE
aaaababa
aabaabb
ababbba
bbababa
aabbaab
abbbbabb
aabbaaaa
abaaaabb
aaababaaa
abaabaaa
bbaaaab
abbabaa
aababbaaa
abbbabab
IMPOSSIBLE
bbbabbb
IMPOSSIBLE
baabaab
babbbbba
baaabaa
baaabba
IMPOSSIBLE
IMPOSSIBLE
IMPOSSIBLE
aaaaaa
IMPOSSIBLE
f
aaaaabaa
aaabaabb
abaabbbb
aaabbaaa
abbbaabb
bbbaaba
abbbaaa
aaaabbb
abaababba
aabbabb
bbaaabb
IMPOSSIBLE
aaabbba
ababaaab
baababaaa
abbbabab
IMPOSSIBLE
aabbaaba
IMPOSSIBLE
ababbaab
IMPOSSIBLE
aaaaaaa
aababaab
aaababba
aaaabba
aaabbaaa
aabaaab
bbbabba
aabbaba
aaabbbbb
abaaaabb
abaabaa
IMPOSSIBLE
aabaaba
baaabbbb
aaabaaa
aaaabbba
aaaabab
aaababb
IMPOSSIBLE
aaabaabb
aabbbabb
bababab
IMPOSSIBLE
abbaaaaa
abbbbba
bbaabbbba
abababa
bbbbaaba
bbbaaabba
IMPOSSIBLE
aaaaaabaa
abababba
aabbbbb
bbaabbb
aabababb
aaabbbb
bbaabba
bbbbaab
IMPOSSIBLE
aababba
aaaababaa
aaaaabb
abbbaba
abababbb
ababaaba
IMPOSSIBLE
baabaaab
abbabbab
IMPOSSIBLE
babbaaa
bbaabaa
aaabbba
aababaaa
IMPOSSIBLE
aaaaaa
bbabbaaa
aaabaabb
aabaabba
ababbab
aabbbaba
aabbaaa
IMPOSSIBLE
aaaabaaa
IMPOSSIBLE
babbabb
aaaaabbb
abbaaaa
bababab
aabbbbab
abaabbab
abaabbbab
abaabaaa
aaaaabaa
babbbbaa
aaaabbbbb
aabbabaab
IMPOSSIBLE
aaabbbab
abbaababb
baaabbb
bababaa
baaababa
babbabab
aababaa
bbbaaaaa
aabbbbab
babbbbb
aabbbaab
abbbaaab
baababa
aaaaabba
baaaaaa
aabbaaba
ababbab
IMPOSSIBLE
bbbbbbb
abbaabab
aaabbabbb
aabaaba
aaaabbaa
babaaaa
aabaaabb
aabbbabb
bbabaaba
aaabab
aaabbbaa
IMPOSSIBLE
aabaaabb
bbbbbbaba
aaaaabba
babbbab
bbaaaab
bbabaabbbb
abbbaaba
aababba
aababaaa
aabbabbb
baabaaa
IMPOSSIBLE
abaabababa
bbabaaba
abbbbab
IMPOSSIBLE
abbaaabb
aaaaaaa
bababbb
aaaabaaa
aabbabba
bbabbaa
bbbabbb
aaaaaabab
abaabaab
aabaabab
aaaaaaabb
aaabbbaa
aaabbbb
IMPOSSIBLE
bababab
babbaaba
ababaabb
abababa
aaabbbab
baaaaaab
ababbaa
baaaabaaa
abbabab
baababb
IMPOSSIBLE
aabbbbbb
aabaaaab
bbbaaaab
bbabbbba
aabbbabb
bbbaabb
IMPOSSIBLE
bbbbbb
aaaabbbb
aabbaa
babbbbb
babbabb
IMPOSSIBLE
IMPOSSIBLE
ababaaba
bbaaabab
IMPOSSIBLE
ababbbb
abbbbbaab
aaaababb
aaabbbaa
baabaab
aabaaba
IMPOSSIBLE
ababbbaa
babaaaa
IMPOSSIBLE
abbaabb
aababaa
IMPOSSIBLE
aabbbaaa
abbbbab
abaaaaab
babbababb
abbbaab
IMPOSSIBLE
aabbabbb
aababaaa
IMPOSSIBLE
aaabbba
IMPOSSIBLE
IMPOSSIBLE
bbaaaaba
babbaab
baabbbb
baababa
aaabaaaa
aabbbbaa
baabaabab
babbbaaaa
aaabbabb
bababab
bbabbbb
aabbabab
abaabbb
aabbaaa
abaabab
baababa
IMPOSSIBLE
bbaaaba
abbabaa
IMPOSSIBLE
bbbaaaaa
babbaabb
aabbabab
IMPOSSIBLE
aabbbba
babbbaa
babaaaa
bbbbbab
baaaaab
bababba
babbbbb
babbabb
baabbaabbb
aaaabba
IMPOSSIBLE
aababaa
IMPOSSIBLE
IMPOSSIBLE
bbbabba
abaababa
aababaa
abababab
aaabbbb
IMPOSSIBLE
ababaaa
aabbbbb
bbbbbb
baaaaaaabb
aaaaaaba
aabaabab
IMPOSSIBLE
bababbaa
babaaab
bbababba
aaaababb
bbabbbab
abaabaaa
aabbbbab
bbaababa
aabaabaa
abbbaabb
aaaababa
ababbbb
aabaaab
aabbbaa
aabbabb
aaabbaab
aababbaba
aaabbaaa
babaabab
IMPOSSIBLE
aaabaaab
abbbbbab
aaabbab
aaaabbba
bbaabaa
aabbaaba
baaabaa
aabbbbb
baabaaaa
ababbbb
abaabbab
abababa
bababab
babbbaa
IMPOSSIBLE
bbbaaab
bbbaaaab
baaababa
bababa
babbbaab
IMPOSSIBLE
aaabaab
bbbaaaa
IMPOSSIBLE
abbabab
bbbaabab
aabaaaa
IMPOSSIBLE
baabbbba
aabaaabb
aaababba
aaabbbbb
aaabbab
ababbbb
aaaaaaa
bbaabbbbb
abbbaaab
babaab
baabaaa
abaaaaab
abbbabaa
bbbaabb
bbbbbbb
abbbbbaa
IMPOSSIBLE
bbabab
baabaab
aaaaaa
bbbabbbb
aabbbba
IMPOSSIBLE
IMPOSSIBLE
babbab
abbbaabb
bbbbabb
bbbbaab
abababaa
aaaaabbb
aaaababa
ababbbbb
bababab
aaabbaba
abbbabbba
baababbb
aababbaa
bbabbbbaa
abbabaa
baabaaab
aaababba
ababbbba
IMPOSSIBLE
abaabaa
aaabaabb
IMPOSSIBLE
IMPOSSIBLE
baaabab
aaaabaaa
aabbaabb
aaaabbba
aabaaab
babbaaa
bbaaaabb
aaaaabbb
baaabba
abaaaba
abbabbbab
babbbaaa
aaababbb
babbabaa
bbbabba
abaabbb
aaaaaaba
bbbababb
baaaabab
aaaabba
bbbbbaab
aabbaaa
abbaabaa
bbbaaab
aabaabab
IMPOSSIBLE
aabaaaba
abaabbaa
aaaabbbb
aaabbba
abbbbabb
IMPOSSIBLE
aaababbb
aabbbbab
abbabbba
aaabbab
aababab
abbbabb
abaababa
bbaaaaab
baaabaaa
abbbaaa
baabbbaa
IMPOSSIBLE
aaaaaaaa
bbabaab
aaabaaa
IMPOSSIBLE
bbaabaa
babbabaa
babbbab
abaabba
IMPOSSIBLE
abbbaab
bbbbaaab
abbbabaa
IMPOSSIBLE
bababaaa
aababbab
IMPOSSIBLE
aaababa
babaabb
aaababb
abbabbaaba
IMPOSSIBLE
aabababb
bbaabba
babbaabb
bbbaaab
abbbababb
aaabbbb
aaaaaaaa
bababab
abbaaaab
baabbaa
aabaaaba
abbbbaaa
baaaaaaab
IMPOSSIBLE
aabaaabb
aaaababba
abababb
IMPOSSIBLE
aabaabaa
abaaabab
aabbbbbb
aabbabaa
baaabba
abbabab
abbaaba
abbbaaa
ababaab
abbbbbaba
bbaaaaaa
aaabaaab
aaababaa
babaaab
ababbaaa
aaababab
abbbbbaa
babbbbb
aaabbbaab
bbabaab
aabbaaba
aababbb
aaaaabab
aabbbab
abaaabb
aabbaba
aaaaabba
aabbbbaa
aaababb
bbabaaaab
abbbaba
abbabbb
baaabbb
bbababbb
IMPOSSIBLE
aaaabab
aaaabbab
aaabaaaa
aaababa
ababbbb
baabbba
baaabaa
aaaaaa
aabbbbba
abbababb
abbabaab
bbaaaaba
aabbabab
abbbbaa
IMPOSSIBLE
bbbaaaa
bababaaa
abbaabbb
abbbabba
IMPOSSIBLE
aababaab
aabaaabb
aaabaabbb
aababaaa
IMPOSSIBLE
abaabbb
aabaaabb
abaaabbb
babbbbba
IMPOSSIBLE
bbbbbbb
aaaaaaba
bbaaabba
bababbb
bbbaaaa
bbbbbaab
aabbbaab
abaabaa
IMPOSSIBLE
aababbaa
aaaaabaa
aaabaab
aabbaba
aabbbbbb
aaabbbab
babbabb
aaabbbaa
abbaaba
abababba
bbabbab
IMPOSSIBLE
IMPOSSIBLE
abbaaab
babbaabb
abbbabaa
aaabbab
abaaabaab
babaaaab
aabbbaa
IMPOSSIBLE
abbabbbb
IMPOSSIBLE
abbbbaaa
aaababa
aaaaaaa
ababbba
aabbaabba
abaabbb
aaaabba
ababaaba
aaabbbbb
aaabaaaba
aaaabab
IMPOSSIBLE
babbbba
aaaaaaaa
aaaaaaba
abbaaba
aabbbba
baabbbb
aababba
aaaaabaa
IMPOSSIBLE
abaabaab
bbbaabb
IMPOSSIBLE
aaababb
babbababb
aabbaba
IMPOSSIBLE
abbbaaab
IMPOSSIBLE
abbabbba
aabbabba
baaabbbb
babaabaa
bbaabbba
abbbbbaa
bababaab
bbabaaaa
aaaaaaaa
bbb
ba
IMPOSSIBLE
IMPOSSIBLE
aaaa
aababa
aababb
abcccab
IMPOSSIBLE
aaccb
acccc
IMPOSSIBLE
abcab
aacca
babab
bbacb
abbbbb
abacc
abbab
IMPOSSIBLE
bbabcc
IMPOSSIBLE
IMPOSSIBLE
IMPOSSIBLE
bcacac
acacc
acbcb
acbbaa
abbcc
abaac
cbcacc
caacc
ccaabb
abbaca
acccabbc
cbbac
IMPOSSIBLE
IMPOSSIBLE
aaacb
acaac
baacb
bbbcab
aaabb
accbbc
acccb
IMPOSSIBLE
abcba
caaac
acaca
babba
accab
bbbab
bbacab
IMPOSSIBLE
bbcca
bbccc
IMPOSSIBLE
IMPOSSIBLE
IMPOSSIBLE
ababcc
cbcbc
abcca
bacba
bacbb
abbcaa
IMPOSSIBLE
acaab
cbaca
cbccb
bccbc
IMPOSSIBLE
IMPOSSIBLE
aabbc
bbbcb
cabca
bcacb
abccb
acbccc
cbaab
IMPOSSIBLE
cbaccaa
accbc
IMPOSSIBLE
cbbaab
abcbcb
bcaaab
bcaabb
bbcac
IMPOSSIBLE
aababc
aabcbb
baabb
abacb
cabbca
acbbcb
ccaccb
cbaaa
bbccb
ccbca
babaa
baaccc
ccccb
IMPOSSIBLE
IMPOSSIBLE
abaabab
ababbaa
bbbaabbb
baabbbb
aabbbbabb
IMPOSSIBLE
aaaaabbb
aabababb
baabaa
aaaabaa
aabbbbb
IMPOSSIBLE
aaaaaab
bababbb
bbaaba
IMPOSSIBLE
baabbab
aaabaaa
aababbb
babbbaaab
bbbbbaa
bbababb
abaaaaa
aaaabbaa
IMPOSSIBLE
aabbaaab
aaababa
bbbbbaa
abbbaabb
IMPOSSIBLE
ababbab
aabababb
bababaab
aabaaaaa
IMPOSSIBLE
baaabbbb
babaaaaa
abaaaabb
bbaabbba
aaaaaaaa
aababbb
IMPOSSIBLE
bbabaaa
aabaabab
IMPOSSIBLE
aaabaaaa
abbbabab
bbbbbb
IMPOSSIBLE
aaaabbbb
IMPOSSIBLE
IMPOSSIBLE
abbabba
aabbbaab
IMPOSSIBLE
abbbaaaa
bababab
IMPOSSIBLE
aabaaaaa
aababba
aaabbaa
baaabab
aabababb
bbaabab
aabbaabbb
aaabbaba
IMPOSSIBLE
babbbbb
bbababb
abbabbb
aaabaab
abbbbaa
aaaabaa
aaabaaabaa
aaaabaab
aabbbbab
abbbaabab
aaaabba
aaaaaabb
abbbabbb
IMPOSSIBLE
ababbbbb
abababba
bbabbaa
bbaabaaa
aaababbb
aaaaaaaba
baaabab
bbaababb
bbaaaba
aabaaaaa
babbbbaabbb
aaababba
aaabbab
bbbbbbaa
aababaaa
aabbabbb
bbbbaaa

abbaabbaa
aaababbbb
aabbabab
aabaabaa
IMPOSSIBLE
abbaaaa
babbbba
aaaaabb
IMPOSSIBLE
IMPOSSIBLE
IMPOSSIBLE
aaaabaab
aaabababa
baaababb
aaabbba
abbaaab
abababaa
aaaaabab
aabbbaa
abaaabab
bbbbbb
IMPOSSIBLE
aabaaab
abaababb
aabaaaa
IMPOSSIBLE
abbaab
abaaaba
IMPOSSIBLE
aabaaab
aaabbbb
aabbbabba
aaababbb
baaabaa
baabaab
baaaabb
abbbbab
bababba
IMPOSSIBLE
ababbaa
abababb
IMPOSSIBLE
aaababaa
bbaabbab
babbbabbb
aaaabaa
aaaabbab
bbaabbb
baaaaaab
baabbbab
aaaaabab
ababbbb
abaabaaa
baaaaaa
abaaabaab
abbaaaa
aabaabab
bbabbab
ababbabb
aabbaaba
aabaabaa
baaabbbb
aaabbabb
bbaabbaa
abbabab
babbbbab
aabaaabb
bbabbaaa
bababab
bababbaaa
aabbbbaab
IMPOSSIBLE
bbbaaa
aaabbbaa
aabababb
IMPOSSIBLE
aabbaaa
abbaabb
bbbbbbab
bbabba
aaaabab
aabaabbb
aaaabaaba
baabbaa
aabbbbbb
aaabbbaa
baaabaaa
baaabba
IMPOSSIBLE
aaabbbba
aaaabbba
aababaab
ababaaaa
aaaaaaba
babbaba
IMPOSSIBLE
bababbba
abaababb
bbabaaa
aabaabaa
aabababb
abaaaaa
babbabaa
abaaabbb
bbbbaaab
aababbab
aaaababaa
aaaabbaba
aababbbb
aabbbbab
aaabbba
IMPOSSIBLE
aaaaaa
aaabaaa
bbbbaab
ababbbbb
aaabbbbb
aabaaab
IMPOSSIBLE
baaabbaa
aabaabb
abbbaab
abbbbaba
aabaabaa
abbabaab
aabbbbba
aaabaaab
aabbaaa
abaabbab
baabbbb
aaaaaaaa
abaaaab
bbaaabab
aabaaba
IMPOSSIBLE
bbbabaab
baabaa
bbbbbab
IMPOSSIBLE
bbbbbbb
aababaaa
aabbaabb
baaabba
IMPOSSIBLE
bbaababb
abbababa
abbabaab
IMPOSSIBLE
aababaab
aaababb
aaaaaaba
aaababbb
abaabaab
aaababa
aaabbaaa
aababbbb
abababbaa
aabaaaaa
abbabba
aaabbbbb
aaaaabab
aabbbbabb
aababaa
aabaabb
babbaaa
bbaabaab
IMPOSSIBLE
aaabaab
aaabbbab
IMPOSSIBLE
baaaaaa
bbabaaba
aabbabbb
bbbaaba
bbbababa
IMPOSSIBLE
IMPOSSIBLE
aaaabaa
aaaaaaa
bbbbbaa
IMPOSSIBLE
IMPOSSIBLE
ababbbbaa
aababba
bbababb
aaaaabb
aabbabbab
abbabab
abaabba
IMPOSSIBLE
bbbbbbb
aaabaaab
baaabbabb
bbaaaaaa
abbbaaa
abaaabab
baaaabab
aabbbb
aaababbb
aaaabbb
aaaaaabbb
aaaaabab
baababaa
abababa
aaaabaa
babaaaab
aabbabb
ababbba
abbbabaa
bbbbabaa
IMPOSSIBLE
abaaabba
bbabaab
IMPOSSIBLE
bbabbbbb
babbaba
aaaabbba
baabaaa
abaaaba
abaabba
bababab
aabaab
IMPOSSIBLE
bbbbbbb
abaabbb
aaaaaabb
bababbbb
IMPOSSIBLE
aaababb
abaaabb
baaabaa
bbbaaaa
aaaabaa
aabbabb
abbbbbba
IMPOSSIBLE
aabbbaab
IMPOSSIBLE
IMPOSSIBLE
aaaaaaa
IMPOSSIBLE
aaaabbaa
aaabbab
bababba
aabbaab
bbababb
abbbaabb
IMPOSSIBLE
IMPOSSIBLE
abaaaaab
IMPOSSIBLE
aaabbbaa
IMPOSSIBLE
aaaaaabb
IMPOSSIBLE
aabbbbba
bbaabab
aabbababb
babbabb
aabbabaa
aababbb
bbabaab
aaaaaaa
baaabaa
aabbaaa
aaaabbbb
aabbbba
IMPOSSIBLE
ababbababb
abbaaab
babaabaa
abababa
aabbaaba
abbbbaa
baabbbb
aaababaa
bbbbbba
abaababa
aabbbbaab
bbbbbbb
aabbbaaa
abbababb
aaabbabb
ababbaa
bbbbbab
abaaaaaba
baabbb
bbbbabaa
IMPOSSIBLE
IMPOSSIBLE
aaababbb
bababba
bbbbabab
bbaaaaba
IMPOSSIBLE
aabaaab
abaaaab
bbaabba
abbabbba
aabaabb
IMPOSSIBLE
IMPOSSIBLE
aaaaabab
aaabaabbba
aababab
aaabbbaa
babbaaa
ababaaa
aaaaaaaa
bbabaaa
aabbabab
bbababab
IMPOSSIBLE
aabaaba
abaabbab
abaabab
bbaaabb
aaababa
aaabbaa
bababaab
aabbaaa
abbbbabb
bbbbbbb
abaaaab
IMPOSSIBLE
aaaaabaa
ababbaba
abbaaab
abbaabb
bababab
aaabbbba
abaabaaa
aabbaba
bbbbaba
aaaabaab
aaaaaabb
ababbaaa
IMPOSSIBLE
aaaaaaba
IMPOSSIBLE
abaabbaa
aaababab
baaabbab
baababb
aababba
babaaba
bbbbbb
IMPOSSIBLE
abababa
bbbabaa
aababbab
IMPOSSIBLE
bbaaaaa
aaaababaa
aaabbab
aaabaaab
bbababa
bbbbbaa
IMPOSSIBLE
aaabaaba
ababbaaba
ababbbbb
abbaaab
IMPOSSIBLE
abaaabb
abbabbbb
bababbaa
IMPOSSIBLE
aabaabb
bbbabaa
IMPOSSIBLE
aabbabb
aabbbbb
babbaba
aabbaabb
IMPOSSIBLE
IMPOSSIBLE
IMPOSSIBLE
bbaaabba
IMPOSSIBLE
aaaaaabb
aaababab
abbabaaa
bbaabbb
aaaaaaa
IMPOSSIBLE
aabbbab
abbbaabaaa
bbbbabb
abbaabaa
bbbbabaa
abaabbbb
bababbab
abbbabb
baaaabb
IMPOSSIBLE
baababa
aabbaba
bbbabba
bbbbbaa
IMPOSSIBLE
ababba
IMPOSSIBLE
aaabbaaa
abaabbaa
bbbbab
aaaaaaba
abbaabb
abaaabb
bbaabaab
IMPOSSIBLE
abaabaaa
IMPOSSIBLE
aaabaaaa
bbbabab
IMPOSSIBLE
abbbbaaa
ababaabab
bbabbba
aabaabab
aabbbba
aaababb
aaaaaaa
aaabbbb
bbbabb
babbbba
abababaa
abaabbb
aaaaaa
aabbbab
babbab
abaaabb
IMPOSSIBLE
ababababa
IMPOSSIBLE
bbabbb
baabababa
aaabaaab
aabbbbab
abbbbaaa
aabaaaaa
aababbaa
bbbabb
IMPOSSIBLE
abbbbbba
abaabaaaa
IMPOSSIBLE
IMPOSSIBLE
bbbbbbb
aaabbba
abbbbba
aaabbaab
bbaabaabbb
babaabab
aabbaabb
bbbbbbab
IMPOSSIBLE
aaaabbb
bbbbaab
abbaabaa
abbaabbba
abbbbaa
aabbbaba
ababbbab
aaabbbb
bbaaaaba
bababa
baaabab
bbaabaaa
abaaaaaa
aaaaabaabb
baaabba
bbabab
bbbabbbb
aabbbba
IMPOSSIBLE
aabbbaab
abababbb
abaaaaaa
aababbb
abaaabaa
abbaaba
abababab
aababaaa
babaabb
abbbab
aaababaa
IMPOSSIBLE
baabbba
babbaabba
bbbabbb
abaaabab
aaaabaa
aaaabbba
bbaabaaab
aabbbbbb
baabbaab
IMPOSSIBLE
baababb
aaabbaa
IMPOSSIBLE
aabaaaa
aaabbbbba
IMPOSSIBLE
aaaabbb
abaaba
aabbabba
baabaab
IMPOSSIBLE
IMPOSSIBLE
abaabbaa
bbaabbab
aaabbaa
ababbbbb
aaaabaa
IMPOSSIBLE
bbabbba
abbbaaa
ababbabb
bababba
bbaaabb
ababbba
IMPOSSIBLE
IMPOSSIBLE
baaaabba
IMPOSSIBLE
IMPOSSIBLE
IMPOSSIBLE
IMPOSSIBLE
IMPOSSIBLE
IMPOSSIBLE
IMPOSSIBLE
IMPOSSIBLE
IMPOSSIBLE
IMPOSSIBLE
IMPOSSIBLE
IMPOSSIBLE
IMPOSSIBLE
IMPOSSIBLE
IMPOSSIBLE
IMPOSSIBLE
IMPOSSIBLE
IMPOSSIBLE
IMPOSSIBLE
IMPOSSIBLE
IMPOSSIBLE
IMPOSSIBLE
IMPOSSIBLE
IMPOSSIBLE
IMPOSSIBLE
IMPOSSIBLE
IMPOSSIBLE
IMPOSSIBLE
IMPOSSIBLE
aaaaaaaaaaaaaaaaaaaaaaaaaaaaaaaaaaaaaaaaaaaaaaaaaaaaaaaaaaaaaaaaaaaaaaaaaaaaaaaaaaaaaaaaaaaaaaaaaaaa
IMPOSSIBLE
abbababb
aaaaabb
bbaabbb
aabaabba
aaaabba
aabbbaba
IMPOSSIBLE
abbbaaaba
baabbbb
baabbba
bbabbaa
abbbbba
ababbbb
babbabba
aaaabaaab
ababaaaa
IMPOSSIBLE
ababaabba
abbaaaba
aababbab
aaababbb
abaaabaa
aaabbaaa
aaabbbba
babbabbb
abbbbbaa
babaaba
baaabba
abababbb
IMPOSSIBLE
abbaaab
aaababba
aaababa
baababa
bbabbbaa
abbbabbbb
aaaaabbb
IMPOSSIBLE
IMPOSSIBLE
abaabaab
babbaabb
aabbbaaa
ababbab
aaabaaaa
aabbaaa
aaabbbab
bbabaab
aaaaaaa
aabbbbab
aaaabaaa
abaaabbb
aabbaaba
bbababb
baabbba
aabbbbab
bbbaaab
aaaaaab
bbbabbba
abbaabab
bbaaabb
ababaaab
abbbaaa
bbabbaaa
abbabaab
bbabbbbaa
IMPOSSIBLE
bababba
abaaaaa
babaabbb
baaaabab
aaabbbaa
bbabbab
IMPOSSIBLE
bbbbbbb
ababbba
aaabaaa
aaabbba
aabbbbbaa
bbbbbab
aaabbabb
bbaabab
aaababab
IMPOSSIBLE
babbbbb
aabaaaa
bababaaa
bbabbbb
IMPOSSIBLE
aaaaaabb
IMPOSSIBLE
abaaaaa
aaaabba
aaababba
babbabba
aabbbab
baaaabb
abbbabb
babaabab
bbbbbbaa
abaaaab
aaaaabaabb
abababa
baabbaa
aaabbaaaa
aaaabab
baabbbab
bbbbbb
IMPOSSIBLE
bbaabbb
aaabbbb
baabaaa
bbbabaaa
aaababba
aabaaabba
IMPOSSIBLE
aaabbbaa
babbbb
IMPOSSIBLE
abbbabab
IMPOSSIBLE
abbabaaa
aaaaaaaa
aabaaba
IMPOSSIBLE
IMPOSSIBLE
IMPOSSIBLE
rf
aaabbaba
aaaabbba
aabababba
aaaaabab
ababbbaa
ababbab
IMPOSSIBLE
aaabaabb
IMPOSSIBLE
aabbaaba
baaabbaa
abbaaaba
aaaababa
ababaaab
babbaba
bbbbbbb
babaabb
aaaaaabb
aaabbbaa
bbababa
abbabba
aaaabbbb
abbbaabb
aaababbb
bbbbabaaa
IMPOSSIBLE
abbbaaab
abbbabb
babbaaaa
aabaaba
bababba
aabaabbb
abaaabb
babbbaab
bbbaabab
IMPOSSIBLE
abbbbbaa
aabaaaba
bbaaabba
abaabbbbb
babbaabb
aaabbaaa
aaaabbb
aabbaabaa
IMPOSSIBLE
aaaaaaaa
bbabbbab
aaababaa
babbabb
abbaba
IMPOSSIBLE
IMPOSSIBLE
baabbbba
aababbbaa
bbbaabb
abbaabb
IMPOSSIBLE
aaabbaa
aaaabaab
aabaabba
abbabbba
aababbbb
IMPOSSIBLE
aaabbab
babaaab
babbbbba
aabbbbaa
ababbbbb
babbaab
aaaaaba
ababaaa
ababab
abaaaaab
bbabbbaba
aaabab
IMPOSSIBLE
abbbabaab
aaabaaab
bbaabba
IMPOSSIBLE
aabababb
babaaabb
bababab
aaaabba
baabaaa
aaabbbaa
aababaaa
IMPOSSIBLE
bbababa
bbbbbab
aaaabaa
aaaaaaaa
aababba
aabbbbab
ababbaa
abaabbbab
aababbba
aaaaaaba
abbabbbb
babbbbb
IMPOSSIBLE
IMPOSSIBLE
aaabaabb
aaabbbab
aabbbaa
babbbab
aabaabaa
abaaaabb
abaababba
abababb
abaabbbb
abbbaaba
aababaaa
aabbaab
IMPOSSIBLE
IMPOSSIBLE
abbabaa
bbbabab
aaaabaa
abbbaaa
aaabbab
aaabbbbb
bbbaaaaa
bbbbaabb
bbbabaab
bbbaabb
bbbbbbb
aaabaaa
aabbbbba
aaaabaab
abaaabbb
aabaabbb
aaaaabab
babababb
bbaaaaaaab
IMPOSSIBLE
abbababa
bbbbbaa
baababba
aaaaabba
aaaabbab
IMPOSSIBLE
aababbba
abbbaba
aabaaaaa
aabbbaab
aabbbbab
bbabaaaaa
bbbaaab
aabbbab
IMPOSSIBLE
IMPOSSIBLE
aaaaaabaa
aaaaabaaba
IMPOSSIBLE
aaaabbaa
aaaabbab
aaabbbbb
IMPOSSIBLE
abababb
IMPOSSIBLE
aaabbaba
IMPOSSIBLE
aabaaaaa
aaabbba
aabaabb
IMPOSSIBLE
abbaaabb
aabbaab
aabbabaa
aabbabbb
bbbbbbbb
IMPOSSIBLE
IMPOSSIBLE
baaaaaab
abaaaabaa
abaaabab
baaabbaa
abaabbba
babaaaab
ababaaab
IMPOSSIBLE
abbaabba
abbaabbb
ababbab
IMPOSSIBLE
abbaaaab
IMPOSSIBLE
abbabaaa
abaabba
bbabbaa
babbbaa
IMPOSSIBLE
abbbaaa
IMPOSSIBLE
bbabaaba
IMPOSSIBLE
abbbbaaa
abbbbaab
abbbbbbba
IMPOSSIBLE
IMPOSSIBLE
IMPOSSIBLE
aaaaaabb
baaaaabaa
baaaaabb
baaaabaaba
aaaabab
baaaabba
baabaaab
aabaabaa
aababaa
IMPOSSIBLE
IMPOSSIBLE
IMPOSSIBLE
abbbbba
IMPOSSIBLE
IMPOSSIBLE
IMPOSSIBLE
babaaaaa
ababbb
ababaab
IMPOSSIBLE
babbaaa
abbababaa
IMPOSSIBLE
IMPOSSIBLE
bbaaaaaaa
aaabaaa
baaaabbb
IMPOSSIBLE
IMPOSSIBLE
bbaaabbb
bbaababba
baabbaa
aabbbaa
IMPOSSIBLE
bababaaaa
bbabbab
babbbab
IMPOSSIBLE
bbaabaab
baabbabb
bbbababaaa
bbbaaab
bbbbaabb
bbbbab
bbbbbaaba
IMPOSSIBLE
bbbbbbaab
IMPOSSIBLE
IMPOSSIBLE
aabababa
aabaabba
babaaba
aabbbbaa
aabbabbb
aaaaaaa
aababba
aababaa
aabaaba
baabab
aabbaaa
babbbaa
aaaaaba
babbbbba
IMPOSSIBLE
ababbba
aaabbbba
babbbaba
baabbba
IMPOSSIBLE
babbabb
bbbaabb
IMPOSSIBLE
IMPOSSIBLE
aaaaaa
aaabaab
aaaaaba
aaabbaba
aabbabbb
aabbbaaa
aaababa
IMPOSSIBLE
aaaaabbb
abaaabaa
bbabaabbb
abaaaabb
baabbab
aaaababbb
aababab
aaaabaaa
abaabba
abababbbb
aabbbbb
IMPOSSIBLE
bbaaabb
bbbbbb
aabbaabb
abbbbab
aabbbbab
aaabbbb
bbbbbb
baabaaa
bbbaabaa
aaaabaa
bbbbabb
aaaaaaba
baaabb
babbabb
bbbabba
IMPOSSIBLE
aaabbbaa
baababaab
abbaabbb
IMPOSSIBLE
bbaaaba
abababbbb
bbabaabb
baabbaba
aabbbbaa
abbbaaba
babbbbb
aaabababbb
IMPOSSIBLE
IMPOSSIBLE
aabbabbb
aaabbab
aaabaaab
abababa
ababaaab
aababaa
aabbbbab
bababbb
abbbab
aabbbbb
bbabaa
aabaaabaa
aabbbaaab
abaabbba
baaaaaaba
bbabbabb
bbaababbba
abbabbab
bbaabaa
aaaabaaaa
aaabbbb
aabaabab
bbbaaabb
bbbbbab
aaaaabbb
aaababab
aabbbbb
abbbbba
bababba
IMPOSSIBLE
bbabaab
aaabbba
aaaabbaa
aaaabab
ababbaba
aaaaaab
aabaaabb
baabbaa
aaaaaba
aaaaabba
babaaabb
ababbbbb
IMPOSSIBLE
ababbba
abbabba
abaabaab
bbaaaaab
IMPOSSIBLE
aaaaaaa
aaabaab
aaabbbbb
abbbabab
abbbbab
bbbaaaaa
aabbaab
abbaaaba
bbaabaa
abbaabbb
bbabaaaa
aaaabaaa
baabbba
IMPOSSIBLE
aabaabb
aaaaaa
abbbabaa
aaaabba
bababaab
bbabbaa
aaabbabb
ababbbbba
ababbabba
aaababaab
aabbbaa
bababbba
IMPOSSIBLE
abbababa
baaaaaab
ababbaa
aaabbbb
abbaaab
IMPOSSIBLE
IMPOSSIBLE
aaababab
IMPOSSIBLE
abaaaab
aaaabaa
ababaab
bbbaaaab
bbaabab
aaababba
baaabbb
bbbbbab
aabababa
aaaabbba
abbbbba
IMPOSSIBLE
IMPOSSIBLE
baaaabb
bababbb
IMPOSSIBLE
aaaabab
abababba
baaababb
IMPOSSIBLE
aaaaabb
baaabbba
aababbb
aaaabaaa
aaaabbaa
bbbabab
IMPOSSIBLE
ababbbb
aabbaabb
aabbbaa
abaaabbb
aababaa
IMPOSSIBLE
bbbabba
aabbabbb
bbbaaba
baaabaab
baabbaa
abaaaab
aaaaaaaa
aabbbbab
abbbabba
aababaa
aaaaaba
aaabbaab
aabbaba
aaabbbaa
abaaabaa
bababbaa
IMPOSSIBLE
aababab
abbaaba
abaabbb
abbbbaab
abaaba
IMPOSSIBLE
baabbbab
babbaab
abbbabab
abbbbaba
aaaabbba
abbbaaa
bbbabbabbaa
IMPOSSIBLE
aabaabb
IMPOSSIBLE
abaabbb
babaabb
abbbaaa
abbabbb
abbbaabab
bbabaaa
baabbaa
aabbbbbb
bbaabba
aabbaaba
abbbbab
ababbbab
ababbbb
IMPOSSIBLE
baababab
IMPOSSIBLE
aababbb
aaaaaabaa
aabababa
abaabab
ababaaa
bbbbaba
aaaabaaa
ababbbaa
aaaaaaaa
aaaabaaba
bbaaaaaa
bbbbabaaa
aababbab
bbbaabaa
aabbbbb
aaababb
aababbbb
aababaa
abbbbba
abbaabaa
babaabaa
abaaaabb
bbbbbbb
babaabab
bbaaaaba
aaaaaaba
aaabbaaa
aabbaaab
ababaaab
IMPOSSIBLE
aabbbabb
aaabaaaa
bbbbbab
aaaabaaa
aaaabbbb
IMPOSSIBLE
babbaba
aabbabbb
aaaaaabb
baabaabba
baabbbba
aababbb
aaaabaab
aaabbabb
abaababa
aabaaabb
babbaab
baaababb
aabbaba
abbbbaa
IMPOSSIBLE
aaabaaba
babbbaba
abbbbbb
IMPOSSIBLE
bababbb
babaaaa
aabbaabb
IMPOSSIBLE
z
aabaabaa
aaabaaa
aaaababb
baabaaa
abbabaa
IMPOSSIBLE
IMPOSSIBLE
aaaabbab
bbbabbaa
aaabbbb
IMPOSSIBLE
babababa
bbbbbab
IMPOSSIBLE
aaaaaa
baaabab
aabaabab
bbbaaabb
aababbaa
aaaaaba
IMPOSSIBLE
abbbbaaab
bbbbabba
bbaabba
aabbaabb
